{"D:\\user\\Desktop\\Chat Application\\chat-app-backend\\src\\app.js": {"path":"D:\\user\\Desktop\\Chat Application\\chat-app-backend\\src\\app.js","statementMap":{"0":{"start":{"line":21,"column":12},"end":{"line":21,"column":21}},"1":{"start":{"line":24,"column":0},"end":{"line":24,"column":16}},"2":{"start":{"line":25,"column":0},"end":{"line":25,"column":24}},"3":{"start":{"line":26,"column":0},"end":{"line":26,"column":48}},"4":{"start":{"line":29,"column":0},"end":{"line":35,"column":3}},"5":{"start":{"line":30,"column":2},"end":{"line":34,"column":5}},"6":{"start":{"line":38,"column":0},"end":{"line":38,"column":33}},"7":{"start":{"line":39,"column":0},"end":{"line":39,"column":34}},"8":{"start":{"line":40,"column":0},"end":{"line":40,"column":50}},"9":{"start":{"line":41,"column":0},"end":{"line":41,"column":40}},"10":{"start":{"line":44,"column":0},"end":{"line":44,"column":18}},"11":{"start":{"line":47,"column":0},"end":{"line":47,"column":22}}},"fnMap":{"0":{"name":"(anonymous_0)","decl":{"start":{"line":29,"column":13},"end":{"line":29,"column":14}},"loc":{"start":{"line":29,"column":27},"end":{"line":35,"column":1}},"line":29}},"branchMap":{},"s":{"0":5,"1":5,"2":5,"3":5,"4":5,"5":0,"6":5,"7":5,"8":5,"9":5,"10":5,"11":5},"f":{"0":0},"b":{},"_coverageSchema":"1a1c01bbd47fc00a2c39e90264f33305004495a9","hash":"0e6a345db61ee6cfaab9ca636fcae59d7fe9ba32"}
,"D:\\user\\Desktop\\Chat Application\\chat-app-backend\\src\\config\\logger.js": {"path":"D:\\user\\Desktop\\Chat Application\\chat-app-backend\\src\\config\\logger.js","statementMap":{"0":{"start":{"line":3,"column":21},"end":{"line":3,"column":58}},"1":{"start":{"line":6,"column":19},"end":{"line":11,"column":1}},"2":{"start":{"line":13,"column":19},"end":{"line":26,"column":1}},"3":{"start":{"line":22,"column":12},"end":{"line":22,"column":66}},"4":{"start":{"line":29,"column":0},"end":{"line":34,"column":1}},"5":{"start":{"line":30,"column":2},"end":{"line":33,"column":4}},"6":{"start":{"line":36,"column":15},"end":{"line":40,"column":2}}},"fnMap":{"0":{"name":"(anonymous_0)","decl":{"start":{"line":21,"column":32},"end":{"line":21,"column":33}},"loc":{"start":{"line":21,"column":74},"end":{"line":23,"column":11}},"line":21}},"branchMap":{"0":{"loc":{"start":{"line":16,"column":12},"end":{"line":24,"column":9}},"type":"cond-expr","locations":[{"start":{"line":17,"column":8},"end":{"line":17,"column":18}},{"start":{"line":18,"column":8},"end":{"line":24,"column":9}}],"line":16},"1":{"loc":{"start":{"line":22,"column":47},"end":{"line":22,"column":63}},"type":"binary-expr","locations":[{"start":{"line":22,"column":47},"end":{"line":22,"column":52}},{"start":{"line":22,"column":56},"end":{"line":22,"column":63}}],"line":22},"2":{"loc":{"start":{"line":29,"column":0},"end":{"line":34,"column":1}},"type":"if","locations":[{"start":{"line":29,"column":0},"end":{"line":34,"column":1}},{"start":{},"end":{}}],"line":29},"3":{"loc":{"start":{"line":37,"column":9},"end":{"line":37,"column":67}},"type":"binary-expr","locations":[{"start":{"line":37,"column":9},"end":{"line":37,"column":30}},{"start":{"line":37,"column":35},"end":{"line":37,"column":66}}],"line":37},"4":{"loc":{"start":{"line":37,"column":35},"end":{"line":37,"column":66}},"type":"cond-expr","locations":[{"start":{"line":37,"column":50},"end":{"line":37,"column":56}},{"start":{"line":37,"column":59},"end":{"line":37,"column":66}}],"line":37}},"s":{"0":5,"1":5,"2":5,"3":2,"4":5,"5":5,"6":5},"f":{"0":2},"b":{"0":[0,5],"1":[2,2],"2":[5,0],"3":[5,5],"4":[0,5]},"_coverageSchema":"1a1c01bbd47fc00a2c39e90264f33305004495a9","hash":"e92db19d4ac43a923916c29ac1385eda82980e36"}
,"D:\\user\\Desktop\\Chat Application\\chat-app-backend\\src\\controllers\\authController.js": {"path":"D:\\user\\Desktop\\Chat Application\\chat-app-backend\\src\\controllers\\authController.js","statementMap":{"0":{"start":{"line":10,"column":23},"end":{"line":58,"column":1}},"1":{"start":{"line":11,"column":2},"end":{"line":57,"column":3}},"2":{"start":{"line":12,"column":22},"end":{"line":12,"column":30}},"3":{"start":{"line":14,"column":4},"end":{"line":16,"column":5}},"4":{"start":{"line":15,"column":6},"end":{"line":15,"column":72}},"5":{"start":{"line":19,"column":25},"end":{"line":19,"column":64}},"6":{"start":{"line":20,"column":4},"end":{"line":22,"column":5}},"7":{"start":{"line":21,"column":6},"end":{"line":21,"column":82}},"8":{"start":{"line":25,"column":25},"end":{"line":25,"column":79}},"9":{"start":{"line":28,"column":4},"end":{"line":28,"column":36}},"10":{"start":{"line":31,"column":4},"end":{"line":34,"column":7}},"11":{"start":{"line":37,"column":4},"end":{"line":49,"column":7}},"12":{"start":{"line":51,"column":4},"end":{"line":54,"column":7}},"13":{"start":{"line":56,"column":4},"end":{"line":56,"column":16}},"14":{"start":{"line":63,"column":25},"end":{"line":123,"column":1}},"15":{"start":{"line":64,"column":2},"end":{"line":122,"column":3}},"16":{"start":{"line":65,"column":22},"end":{"line":65,"column":30}},"17":{"start":{"line":67,"column":4},"end":{"line":69,"column":5}},"18":{"start":{"line":68,"column":6},"end":{"line":68,"column":72}},"19":{"start":{"line":72,"column":25},"end":{"line":72,"column":64}},"20":{"start":{"line":73,"column":4},"end":{"line":75,"column":5}},"21":{"start":{"line":74,"column":6},"end":{"line":74,"column":82}},"22":{"start":{"line":78,"column":22},"end":{"line":78,"column":50}},"23":{"start":{"line":79,"column":4},"end":{"line":87,"column":5}},"24":{"start":{"line":80,"column":26},"end":{"line":80,"column":87}},"25":{"start":{"line":81,"column":6},"end":{"line":86,"column":7}},"26":{"start":{"line":82,"column":26},"end":{"line":82,"column":53}},"27":{"start":{"line":83,"column":8},"end":{"line":85,"column":10}},"28":{"start":{"line":90,"column":25},"end":{"line":90,"column":79}},"29":{"start":{"line":93,"column":4},"end":{"line":93,"column":36}},"30":{"start":{"line":96,"column":4},"end":{"line":99,"column":7}},"31":{"start":{"line":102,"column":4},"end":{"line":114,"column":7}},"32":{"start":{"line":116,"column":4},"end":{"line":119,"column":7}},"33":{"start":{"line":121,"column":4},"end":{"line":121,"column":16}},"34":{"start":{"line":128,"column":31},"end":{"line":171,"column":1}},"35":{"start":{"line":129,"column":2},"end":{"line":170,"column":3}},"36":{"start":{"line":130,"column":47},"end":{"line":130,"column":55}},"37":{"start":{"line":132,"column":4},"end":{"line":134,"column":5}},"38":{"start":{"line":133,"column":6},"end":{"line":133,"column":95}},"39":{"start":{"line":137,"column":25},"end":{"line":137,"column":64}},"40":{"start":{"line":138,"column":4},"end":{"line":140,"column":5}},"41":{"start":{"line":139,"column":6},"end":{"line":139,"column":82}},"42":{"start":{"line":143,"column":21},"end":{"line":143,"column":54}},"43":{"start":{"line":144,"column":4},"end":{"line":146,"column":5}},"44":{"start":{"line":145,"column":6},"end":{"line":145,"column":68}},"45":{"start":{"line":149,"column":17},"end":{"line":153,"column":6}},"46":{"start":{"line":156,"column":4},"end":{"line":156,"column":47}},"47":{"start":{"line":158,"column":4},"end":{"line":167,"column":7}},"48":{"start":{"line":169,"column":4},"end":{"line":169,"column":16}},"49":{"start":{"line":176,"column":25},"end":{"line":203,"column":1}},"50":{"start":{"line":177,"column":2},"end":{"line":202,"column":3}},"51":{"start":{"line":178,"column":32},"end":{"line":178,"column":40}},"52":{"start":{"line":180,"column":4},"end":{"line":182,"column":5}},"53":{"start":{"line":181,"column":6},"end":{"line":181,"column":74}},"54":{"start":{"line":185,"column":17},"end":{"line":185,"column":56}},"55":{"start":{"line":187,"column":4},"end":{"line":189,"column":5}},"56":{"start":{"line":188,"column":6},"end":{"line":188,"column":66}},"57":{"start":{"line":191,"column":4},"end":{"line":199,"column":7}},"58":{"start":{"line":201,"column":4},"end":{"line":201,"column":16}},"59":{"start":{"line":208,"column":21},"end":{"line":217,"column":1}},"60":{"start":{"line":209,"column":2},"end":{"line":216,"column":3}},"61":{"start":{"line":210,"column":4},"end":{"line":213,"column":7}},"62":{"start":{"line":215,"column":4},"end":{"line":215,"column":16}}},"fnMap":{"0":{"name":"(anonymous_0)","decl":{"start":{"line":10,"column":23},"end":{"line":10,"column":24}},"loc":{"start":{"line":10,"column":49},"end":{"line":58,"column":1}},"line":10},"1":{"name":"(anonymous_1)","decl":{"start":{"line":63,"column":25},"end":{"line":63,"column":26}},"loc":{"start":{"line":63,"column":51},"end":{"line":123,"column":1}},"line":63},"2":{"name":"(anonymous_2)","decl":{"start":{"line":128,"column":31},"end":{"line":128,"column":32}},"loc":{"start":{"line":128,"column":57},"end":{"line":171,"column":1}},"line":128},"3":{"name":"(anonymous_3)","decl":{"start":{"line":176,"column":25},"end":{"line":176,"column":26}},"loc":{"start":{"line":176,"column":51},"end":{"line":203,"column":1}},"line":176},"4":{"name":"(anonymous_4)","decl":{"start":{"line":208,"column":21},"end":{"line":208,"column":22}},"loc":{"start":{"line":208,"column":47},"end":{"line":217,"column":1}},"line":208}},"branchMap":{"0":{"loc":{"start":{"line":14,"column":4},"end":{"line":16,"column":5}},"type":"if","locations":[{"start":{"line":14,"column":4},"end":{"line":16,"column":5}},{"start":{},"end":{}}],"line":14},"1":{"loc":{"start":{"line":20,"column":4},"end":{"line":22,"column":5}},"type":"if","locations":[{"start":{"line":20,"column":4},"end":{"line":22,"column":5}},{"start":{},"end":{}}],"line":20},"2":{"loc":{"start":{"line":67,"column":4},"end":{"line":69,"column":5}},"type":"if","locations":[{"start":{"line":67,"column":4},"end":{"line":69,"column":5}},{"start":{},"end":{}}],"line":67},"3":{"loc":{"start":{"line":73,"column":4},"end":{"line":75,"column":5}},"type":"if","locations":[{"start":{"line":73,"column":4},"end":{"line":75,"column":5}},{"start":{},"end":{}}],"line":73},"4":{"loc":{"start":{"line":79,"column":4},"end":{"line":87,"column":5}},"type":"if","locations":[{"start":{"line":79,"column":4},"end":{"line":87,"column":5}},{"start":{},"end":{}}],"line":79},"5":{"loc":{"start":{"line":81,"column":6},"end":{"line":86,"column":7}},"type":"if","locations":[{"start":{"line":81,"column":6},"end":{"line":86,"column":7}},{"start":{},"end":{}}],"line":81},"6":{"loc":{"start":{"line":132,"column":4},"end":{"line":134,"column":5}},"type":"if","locations":[{"start":{"line":132,"column":4},"end":{"line":134,"column":5}},{"start":{},"end":{}}],"line":132},"7":{"loc":{"start":{"line":132,"column":8},"end":{"line":132,"column":48}},"type":"binary-expr","locations":[{"start":{"line":132,"column":8},"end":{"line":132,"column":17}},{"start":{"line":132,"column":21},"end":{"line":132,"column":27}},{"start":{"line":132,"column":31},"end":{"line":132,"column":40}},{"start":{"line":132,"column":44},"end":{"line":132,"column":48}}],"line":132},"8":{"loc":{"start":{"line":138,"column":4},"end":{"line":140,"column":5}},"type":"if","locations":[{"start":{"line":138,"column":4},"end":{"line":140,"column":5}},{"start":{},"end":{}}],"line":138},"9":{"loc":{"start":{"line":144,"column":4},"end":{"line":146,"column":5}},"type":"if","locations":[{"start":{"line":144,"column":4},"end":{"line":146,"column":5}},{"start":{},"end":{}}],"line":144},"10":{"loc":{"start":{"line":180,"column":4},"end":{"line":182,"column":5}},"type":"if","locations":[{"start":{"line":180,"column":4},"end":{"line":182,"column":5}},{"start":{},"end":{}}],"line":180},"11":{"loc":{"start":{"line":180,"column":8},"end":{"line":180,"column":27}},"type":"binary-expr","locations":[{"start":{"line":180,"column":8},"end":{"line":180,"column":14}},{"start":{"line":180,"column":18},"end":{"line":180,"column":27}}],"line":180},"12":{"loc":{"start":{"line":187,"column":4},"end":{"line":189,"column":5}},"type":"if","locations":[{"start":{"line":187,"column":4},"end":{"line":189,"column":5}},{"start":{},"end":{}}],"line":187},"13":{"loc":{"start":{"line":187,"column":8},"end":{"line":187,"column":54}},"type":"binary-expr","locations":[{"start":{"line":187,"column":8},"end":{"line":187,"column":13}},{"start":{"line":187,"column":17},"end":{"line":187,"column":54}}],"line":187}},"s":{"0":5,"1":0,"2":0,"3":0,"4":0,"5":0,"6":0,"7":0,"8":0,"9":0,"10":0,"11":0,"12":0,"13":0,"14":5,"15":0,"16":0,"17":0,"18":0,"19":0,"20":0,"21":0,"22":0,"23":0,"24":0,"25":0,"26":0,"27":0,"28":0,"29":0,"30":0,"31":0,"32":0,"33":0,"34":5,"35":0,"36":0,"37":0,"38":0,"39":0,"40":0,"41":0,"42":0,"43":0,"44":0,"45":0,"46":0,"47":0,"48":0,"49":5,"50":1,"51":1,"52":1,"53":0,"54":1,"55":1,"56":1,"57":0,"58":0,"59":5,"60":0,"61":0,"62":0},"f":{"0":0,"1":0,"2":0,"3":1,"4":0},"b":{"0":[0,0],"1":[0,0],"2":[0,0],"3":[0,0],"4":[0,0],"5":[0,0],"6":[0,0],"7":[0,0,0,0],"8":[0,0],"9":[0,0],"10":[0,1],"11":[1,1],"12":[1,0],"13":[1,0]},"_coverageSchema":"1a1c01bbd47fc00a2c39e90264f33305004495a9","hash":"e5f3b87a32db059b862274b07e7fccd18743b549"}
,"D:\\user\\Desktop\\Chat Application\\chat-app-backend\\src\\controllers\\conversationController.js": {"path":"D:\\user\\Desktop\\Chat Application\\chat-app-backend\\src\\controllers\\conversationController.js","statementMap":{"0":{"start":{"line":8,"column":39},"end":{"line":41,"column":1}},"1":{"start":{"line":9,"column":2},"end":{"line":40,"column":3}},"2":{"start":{"line":10,"column":29},"end":{"line":10,"column":37}},"3":{"start":{"line":12,"column":4},"end":{"line":14,"column":5}},"4":{"start":{"line":13,"column":6},"end":{"line":13,"column":67}},"5":{"start":{"line":16,"column":4},"end":{"line":18,"column":5}},"6":{"start":{"line":17,"column":6},"end":{"line":17,"column":83}},"7":{"start":{"line":20,"column":23},"end":{"line":20,"column":66}},"8":{"start":{"line":21,"column":4},"end":{"line":23,"column":5}},"9":{"start":{"line":22,"column":6},"end":{"line":22,"column":62}},"10":{"start":{"line":25,"column":23},"end":{"line":28,"column":5}},"11":{"start":{"line":30,"column":4},"end":{"line":32,"column":5}},"12":{"start":{"line":31,"column":6},"end":{"line":31,"column":99}},"13":{"start":{"line":34,"column":4},"end":{"line":37,"column":7}},"14":{"start":{"line":39,"column":4},"end":{"line":39,"column":16}},"15":{"start":{"line":46,"column":34},"end":{"line":58,"column":1}},"16":{"start":{"line":47,"column":2},"end":{"line":57,"column":3}},"17":{"start":{"line":48,"column":26},"end":{"line":48,"column":89}},"18":{"start":{"line":50,"column":4},"end":{"line":54,"column":7}},"19":{"start":{"line":56,"column":4},"end":{"line":56,"column":16}}},"fnMap":{"0":{"name":"(anonymous_0)","decl":{"start":{"line":8,"column":39},"end":{"line":8,"column":40}},"loc":{"start":{"line":8,"column":65},"end":{"line":41,"column":1}},"line":8},"1":{"name":"(anonymous_1)","decl":{"start":{"line":46,"column":34},"end":{"line":46,"column":35}},"loc":{"start":{"line":46,"column":60},"end":{"line":58,"column":1}},"line":46}},"branchMap":{"0":{"loc":{"start":{"line":12,"column":4},"end":{"line":14,"column":5}},"type":"if","locations":[{"start":{"line":12,"column":4},"end":{"line":14,"column":5}},{"start":{},"end":{}}],"line":12},"1":{"loc":{"start":{"line":16,"column":4},"end":{"line":18,"column":5}},"type":"if","locations":[{"start":{"line":16,"column":4},"end":{"line":18,"column":5}},{"start":{},"end":{}}],"line":16},"2":{"loc":{"start":{"line":21,"column":4},"end":{"line":23,"column":5}},"type":"if","locations":[{"start":{"line":21,"column":4},"end":{"line":23,"column":5}},{"start":{},"end":{}}],"line":21},"3":{"loc":{"start":{"line":30,"column":4},"end":{"line":32,"column":5}},"type":"if","locations":[{"start":{"line":30,"column":4},"end":{"line":32,"column":5}},{"start":{},"end":{}}],"line":30}},"s":{"0":5,"1":1,"2":1,"3":1,"4":0,"5":1,"6":0,"7":1,"8":1,"9":0,"10":1,"11":1,"12":1,"13":1,"14":0,"15":5,"16":1,"17":1,"18":1,"19":0},"f":{"0":1,"1":1},"b":{"0":[0,1],"1":[0,1],"2":[0,1],"3":[1,0]},"_coverageSchema":"1a1c01bbd47fc00a2c39e90264f33305004495a9","hash":"aa6bfa2e992c19ceee55522b77054aed51a5d243"}
,"D:\\user\\Desktop\\Chat Application\\chat-app-backend\\src\\controllers\\messageController.js": {"path":"D:\\user\\Desktop\\Chat Application\\chat-app-backend\\src\\controllers\\messageController.js","statementMap":{"0":{"start":{"line":8,"column":27},"end":{"line":39,"column":1}},"1":{"start":{"line":9,"column":2},"end":{"line":38,"column":3}},"2":{"start":{"line":10,"column":31},"end":{"line":10,"column":41}},"3":{"start":{"line":11,"column":23},"end":{"line":11,"column":32}},"4":{"start":{"line":12,"column":18},"end":{"line":12,"column":53}},"5":{"start":{"line":14,"column":25},"end":{"line":14,"column":78}},"6":{"start":{"line":15,"column":4},"end":{"line":17,"column":5}},"7":{"start":{"line":16,"column":6},"end":{"line":16,"column":63}},"8":{"start":{"line":19,"column":26},"end":{"line":21,"column":5}},"9":{"start":{"line":20,"column":13},"end":{"line":20,"column":57}},"10":{"start":{"line":23,"column":4},"end":{"line":25,"column":5}},"11":{"start":{"line":24,"column":6},"end":{"line":24,"column":95}},"12":{"start":{"line":27,"column":19},"end":{"line":27,"column":98}},"13":{"start":{"line":29,"column":4},"end":{"line":35,"column":7}},"14":{"start":{"line":37,"column":4},"end":{"line":37,"column":16}},"15":{"start":{"line":44,"column":27},"end":{"line":72,"column":1}},"16":{"start":{"line":45,"column":2},"end":{"line":71,"column":3}},"17":{"start":{"line":46,"column":40},"end":{"line":46,"column":48}},"18":{"start":{"line":48,"column":4},"end":{"line":50,"column":5}},"19":{"start":{"line":49,"column":6},"end":{"line":49,"column":81}},"20":{"start":{"line":52,"column":25},"end":{"line":52,"column":78}},"21":{"start":{"line":53,"column":4},"end":{"line":55,"column":5}},"22":{"start":{"line":54,"column":6},"end":{"line":54,"column":63}},"23":{"start":{"line":57,"column":20},"end":{"line":61,"column":6}},"24":{"start":{"line":63,"column":4},"end":{"line":63,"column":80}},"25":{"start":{"line":65,"column":4},"end":{"line":68,"column":7}},"26":{"start":{"line":70,"column":4},"end":{"line":70,"column":16}}},"fnMap":{"0":{"name":"(anonymous_0)","decl":{"start":{"line":8,"column":27},"end":{"line":8,"column":28}},"loc":{"start":{"line":8,"column":53},"end":{"line":39,"column":1}},"line":8},"1":{"name":"(anonymous_1)","decl":{"start":{"line":20,"column":6},"end":{"line":20,"column":7}},"loc":{"start":{"line":20,"column":13},"end":{"line":20,"column":57}},"line":20},"2":{"name":"(anonymous_2)","decl":{"start":{"line":44,"column":27},"end":{"line":44,"column":28}},"loc":{"start":{"line":44,"column":53},"end":{"line":72,"column":1}},"line":44}},"branchMap":{"0":{"loc":{"start":{"line":12,"column":18},"end":{"line":12,"column":53}},"type":"binary-expr","locations":[{"start":{"line":12,"column":18},"end":{"line":12,"column":47}},{"start":{"line":12,"column":51},"end":{"line":12,"column":53}}],"line":12},"1":{"loc":{"start":{"line":15,"column":4},"end":{"line":17,"column":5}},"type":"if","locations":[{"start":{"line":15,"column":4},"end":{"line":17,"column":5}},{"start":{},"end":{}}],"line":15},"2":{"loc":{"start":{"line":23,"column":4},"end":{"line":25,"column":5}},"type":"if","locations":[{"start":{"line":23,"column":4},"end":{"line":25,"column":5}},{"start":{},"end":{}}],"line":23},"3":{"loc":{"start":{"line":48,"column":4},"end":{"line":50,"column":5}},"type":"if","locations":[{"start":{"line":48,"column":4},"end":{"line":50,"column":5}},{"start":{},"end":{}}],"line":48},"4":{"loc":{"start":{"line":48,"column":8},"end":{"line":48,"column":35}},"type":"binary-expr","locations":[{"start":{"line":48,"column":8},"end":{"line":48,"column":23}},{"start":{"line":48,"column":27},"end":{"line":48,"column":35}}],"line":48},"5":{"loc":{"start":{"line":53,"column":4},"end":{"line":55,"column":5}},"type":"if","locations":[{"start":{"line":53,"column":4},"end":{"line":55,"column":5}},{"start":{},"end":{}}],"line":53}},"s":{"0":5,"1":1,"2":1,"3":1,"4":1,"5":1,"6":1,"7":0,"8":1,"9":1,"10":1,"11":0,"12":1,"13":1,"14":0,"15":5,"16":1,"17":1,"18":1,"19":0,"20":1,"21":1,"22":0,"23":1,"24":1,"25":1,"26":0},"f":{"0":1,"1":1,"2":1},"b":{"0":[1,1],"1":[0,1],"2":[0,1],"3":[0,1],"4":[1,1],"5":[0,1]},"_coverageSchema":"1a1c01bbd47fc00a2c39e90264f33305004495a9","hash":"c9cfe0774447ef5f01e03d4dcc8d73380104191a"}
,"D:\\user\\Desktop\\Chat Application\\chat-app-backend\\src\\controllers\\userController.js": {"path":"D:\\user\\Desktop\\Chat Application\\chat-app-backend\\src\\controllers\\userController.js","statementMap":{"0":{"start":{"line":7,"column":27},"end":{"line":24,"column":1}},"1":{"start":{"line":8,"column":2},"end":{"line":23,"column":3}},"2":{"start":{"line":9,"column":23},"end":{"line":9,"column":32}},"3":{"start":{"line":10,"column":18},"end":{"line":10,"column":53}},"4":{"start":{"line":12,"column":19},"end":{"line":12,"column":88}},"5":{"start":{"line":14,"column":4},"end":{"line":20,"column":7}},"6":{"start":{"line":22,"column":4},"end":{"line":22,"column":16}},"7":{"start":{"line":29,"column":27},"end":{"line":49,"column":1}},"8":{"start":{"line":30,"column":2},"end":{"line":48,"column":3}},"9":{"start":{"line":31,"column":24},"end":{"line":31,"column":41}},"10":{"start":{"line":33,"column":18},"end":{"line":39,"column":31}},"11":{"start":{"line":41,"column":4},"end":{"line":45,"column":7}},"12":{"start":{"line":47,"column":4},"end":{"line":47,"column":16}}},"fnMap":{"0":{"name":"(anonymous_0)","decl":{"start":{"line":7,"column":27},"end":{"line":7,"column":28}},"loc":{"start":{"line":7,"column":53},"end":{"line":24,"column":1}},"line":7},"1":{"name":"(anonymous_1)","decl":{"start":{"line":29,"column":27},"end":{"line":29,"column":28}},"loc":{"start":{"line":29,"column":53},"end":{"line":49,"column":1}},"line":29}},"branchMap":{"0":{"loc":{"start":{"line":10,"column":18},"end":{"line":10,"column":53}},"type":"binary-expr","locations":[{"start":{"line":10,"column":18},"end":{"line":10,"column":47}},{"start":{"line":10,"column":51},"end":{"line":10,"column":53}}],"line":10},"1":{"loc":{"start":{"line":31,"column":24},"end":{"line":31,"column":41}},"type":"binary-expr","locations":[{"start":{"line":31,"column":24},"end":{"line":31,"column":35}},{"start":{"line":31,"column":39},"end":{"line":31,"column":41}}],"line":31}},"s":{"0":5,"1":1,"2":1,"3":1,"4":1,"5":1,"6":0,"7":5,"8":1,"9":1,"10":1,"11":1,"12":0},"f":{"0":1,"1":1},"b":{"0":[1,1],"1":[1,0]},"_coverageSchema":"1a1c01bbd47fc00a2c39e90264f33305004495a9","hash":"2d186cf5f49f090a87f58bd0e09a960bf85d2d96"}
,"D:\\user\\Desktop\\Chat Application\\chat-app-backend\\src\\middlewares\\authMiddleware.js": {"path":"D:\\user\\Desktop\\Chat Application\\chat-app-backend\\src\\middlewares\\authMiddleware.js","statementMap":{"0":{"start":{"line":5,"column":23},"end":{"line":39,"column":1}},"1":{"start":{"line":6,"column":2},"end":{"line":38,"column":3}},"2":{"start":{"line":9,"column":4},"end":{"line":11,"column":5}},"3":{"start":{"line":10,"column":6},"end":{"line":10,"column":54}},"4":{"start":{"line":13,"column":4},"end":{"line":15,"column":5}},"5":{"start":{"line":14,"column":6},"end":{"line":14,"column":74}},"6":{"start":{"line":18,"column":20},"end":{"line":18,"column":61}},"7":{"start":{"line":21,"column":17},"end":{"line":21,"column":58}},"8":{"start":{"line":23,"column":4},"end":{"line":25,"column":5}},"9":{"start":{"line":24,"column":6},"end":{"line":24,"column":90}},"10":{"start":{"line":28,"column":4},"end":{"line":28,"column":20}},"11":{"start":{"line":29,"column":4},"end":{"line":29,"column":11}},"12":{"start":{"line":31,"column":4},"end":{"line":33,"column":5}},"13":{"start":{"line":32,"column":6},"end":{"line":32,"column":70}},"14":{"start":{"line":34,"column":4},"end":{"line":36,"column":5}},"15":{"start":{"line":35,"column":6},"end":{"line":35,"column":74}},"16":{"start":{"line":37,"column":4},"end":{"line":37,"column":16}}},"fnMap":{"0":{"name":"(anonymous_0)","decl":{"start":{"line":5,"column":23},"end":{"line":5,"column":24}},"loc":{"start":{"line":5,"column":49},"end":{"line":39,"column":1}},"line":5}},"branchMap":{"0":{"loc":{"start":{"line":9,"column":4},"end":{"line":11,"column":5}},"type":"if","locations":[{"start":{"line":9,"column":4},"end":{"line":11,"column":5}},{"start":{},"end":{}}],"line":9},"1":{"loc":{"start":{"line":9,"column":8},"end":{"line":9,"column":83}},"type":"binary-expr","locations":[{"start":{"line":9,"column":8},"end":{"line":9,"column":33}},{"start":{"line":9,"column":37},"end":{"line":9,"column":83}}],"line":9},"2":{"loc":{"start":{"line":13,"column":4},"end":{"line":15,"column":5}},"type":"if","locations":[{"start":{"line":13,"column":4},"end":{"line":15,"column":5}},{"start":{},"end":{}}],"line":13},"3":{"loc":{"start":{"line":23,"column":4},"end":{"line":25,"column":5}},"type":"if","locations":[{"start":{"line":23,"column":4},"end":{"line":25,"column":5}},{"start":{},"end":{}}],"line":23},"4":{"loc":{"start":{"line":31,"column":4},"end":{"line":33,"column":5}},"type":"if","locations":[{"start":{"line":31,"column":4},"end":{"line":33,"column":5}},{"start":{},"end":{}}],"line":31},"5":{"loc":{"start":{"line":34,"column":4},"end":{"line":36,"column":5}},"type":"if","locations":[{"start":{"line":34,"column":4},"end":{"line":36,"column":5}},{"start":{},"end":{}}],"line":34}},"s":{"0":5,"1":6,"2":6,"3":6,"4":6,"5":0,"6":6,"7":6,"8":6,"9":0,"10":6,"11":6,"12":0,"13":0,"14":0,"15":0,"16":0},"f":{"0":6},"b":{"0":[6,0],"1":[6,6],"2":[0,6],"3":[0,6],"4":[0,0],"5":[0,0]},"_coverageSchema":"1a1c01bbd47fc00a2c39e90264f33305004495a9","hash":"7183cfb37818a24d84f5bf301e260cbdc45915ff"}
,"D:\\user\\Desktop\\Chat Application\\chat-app-backend\\src\\middlewares\\errorMiddleware.js": {"path":"D:\\user\\Desktop\\Chat Application\\chat-app-backend\\src\\middlewares\\errorMiddleware.js","statementMap":{"0":{"start":{"line":4,"column":24},"end":{"line":8,"column":1}},"1":{"start":{"line":5,"column":16},"end":{"line":5,"column":65}},"2":{"start":{"line":6,"column":2},"end":{"line":6,"column":18}},"3":{"start":{"line":7,"column":2},"end":{"line":7,"column":14}},"4":{"start":{"line":12,"column":28},"end":{"line":47,"column":1}},"5":{"start":{"line":13,"column":19},"end":{"line":13,"column":64}},"6":{"start":{"line":14,"column":2},"end":{"line":14,"column":50}},"7":{"start":{"line":14,"column":22},"end":{"line":14,"column":50}},"8":{"start":{"line":16,"column":16},"end":{"line":16,"column":54}},"9":{"start":{"line":19,"column":2},"end":{"line":22,"column":3}},"10":{"start":{"line":20,"column":4},"end":{"line":20,"column":21}},"11":{"start":{"line":21,"column":4},"end":{"line":21,"column":55}},"12":{"start":{"line":25,"column":2},"end":{"line":29,"column":3}},"13":{"start":{"line":26,"column":4},"end":{"line":26,"column":21}},"14":{"start":{"line":27,"column":18},"end":{"line":27,"column":52}},"15":{"start":{"line":28,"column":4},"end":{"line":28,"column":60}},"16":{"start":{"line":32,"column":2},"end":{"line":37,"column":3}},"17":{"start":{"line":33,"column":4},"end":{"line":33,"column":21}},"18":{"start":{"line":34,"column":4},"end":{"line":36,"column":18}},"19":{"start":{"line":35,"column":20},"end":{"line":35,"column":31}},"20":{"start":{"line":40,"column":2},"end":{"line":40,"column":98}},"21":{"start":{"line":42,"column":2},"end":{"line":46,"column":5}}},"fnMap":{"0":{"name":"(anonymous_0)","decl":{"start":{"line":4,"column":24},"end":{"line":4,"column":25}},"loc":{"start":{"line":4,"column":44},"end":{"line":8,"column":1}},"line":4},"1":{"name":"(anonymous_1)","decl":{"start":{"line":12,"column":28},"end":{"line":12,"column":29}},"loc":{"start":{"line":12,"column":53},"end":{"line":47,"column":1}},"line":12},"2":{"name":"(anonymous_2)","decl":{"start":{"line":35,"column":11},"end":{"line":35,"column":12}},"loc":{"start":{"line":35,"column":20},"end":{"line":35,"column":31}},"line":35}},"branchMap":{"0":{"loc":{"start":{"line":13,"column":19},"end":{"line":13,"column":64}},"type":"cond-expr","locations":[{"start":{"line":13,"column":44},"end":{"line":13,"column":47}},{"start":{"line":13,"column":50},"end":{"line":13,"column":64}}],"line":13},"1":{"loc":{"start":{"line":14,"column":2},"end":{"line":14,"column":50}},"type":"if","locations":[{"start":{"line":14,"column":2},"end":{"line":14,"column":50}},{"start":{},"end":{}}],"line":14},"2":{"loc":{"start":{"line":16,"column":16},"end":{"line":16,"column":54}},"type":"binary-expr","locations":[{"start":{"line":16,"column":16},"end":{"line":16,"column":27}},{"start":{"line":16,"column":31},"end":{"line":16,"column":54}}],"line":16},"3":{"loc":{"start":{"line":19,"column":2},"end":{"line":22,"column":3}},"type":"if","locations":[{"start":{"line":19,"column":2},"end":{"line":22,"column":3}},{"start":{},"end":{}}],"line":19},"4":{"loc":{"start":{"line":19,"column":6},"end":{"line":19,"column":57}},"type":"binary-expr","locations":[{"start":{"line":19,"column":6},"end":{"line":19,"column":30}},{"start":{"line":19,"column":34},"end":{"line":19,"column":57}}],"line":19},"5":{"loc":{"start":{"line":25,"column":2},"end":{"line":29,"column":3}},"type":"if","locations":[{"start":{"line":25,"column":2},"end":{"line":29,"column":3}},{"start":{},"end":{}}],"line":25},"6":{"loc":{"start":{"line":27,"column":30},"end":{"line":27,"column":48}},"type":"binary-expr","locations":[{"start":{"line":27,"column":30},"end":{"line":27,"column":42}},{"start":{"line":27,"column":46},"end":{"line":27,"column":48}}],"line":27},"7":{"loc":{"start":{"line":32,"column":2},"end":{"line":37,"column":3}},"type":"if","locations":[{"start":{"line":32,"column":2},"end":{"line":37,"column":3}},{"start":{},"end":{}}],"line":32},"8":{"loc":{"start":{"line":43,"column":12},"end":{"line":43,"column":48}},"type":"cond-expr","locations":[{"start":{"line":43,"column":32},"end":{"line":43,"column":39}},{"start":{"line":43,"column":42},"end":{"line":43,"column":48}}],"line":43},"9":{"loc":{"start":{"line":45,"column":8},"end":{"line":45,"column":69}},"type":"binary-expr","locations":[{"start":{"line":45,"column":8},"end":{"line":45,"column":45}},{"start":{"line":45,"column":49},"end":{"line":45,"column":69}}],"line":45}},"s":{"0":5,"1":0,"2":0,"3":0,"4":5,"5":2,"6":2,"7":2,"8":2,"9":2,"10":0,"11":0,"12":2,"13":0,"14":0,"15":0,"16":2,"17":0,"18":0,"19":0,"20":2,"21":2},"f":{"0":0,"1":2,"2":0},"b":{"0":[2,0],"1":[2,0],"2":[2,0],"3":[0,2],"4":[2,0],"5":[0,2],"6":[0,0],"7":[0,2],"8":[0,2],"9":[2,2]},"_coverageSchema":"1a1c01bbd47fc00a2c39e90264f33305004495a9","hash":"d35e11ce2ceb4d7a629e70e7dcab6b07355db713"}
,"D:\\user\\Desktop\\Chat Application\\chat-app-backend\\src\\middlewares\\rateLimiter.js": {"path":"D:\\user\\Desktop\\Chat Application\\chat-app-backend\\src\\middlewares\\rateLimiter.js","statementMap":{"0":{"start":{"line":4,"column":30},"end":{"line":13,"column":2}},"1":{"start":{"line":16,"column":31},"end":{"line":25,"column":2}}},"fnMap":{},"branchMap":{},"s":{"0":5,"1":5},"f":{},"b":{},"_coverageSchema":"1a1c01bbd47fc00a2c39e90264f33305004495a9","hash":"b562aaeeac80375f27abeddf3504588f18570e0f"}
,"D:\\user\\Desktop\\Chat Application\\chat-app-backend\\src\\middlewares\\validateMiddleware.js": {"path":"D:\\user\\Desktop\\Chat Application\\chat-app-backend\\src\\middlewares\\validateMiddleware.js","statementMap":{"0":{"start":{"line":3,"column":24},"end":{"line":17,"column":1}},"1":{"start":{"line":3,"column":36},"end":{"line":17,"column":1}},"2":{"start":{"line":4,"column":17},"end":{"line":4,"column":49}},"3":{"start":{"line":6,"column":2},"end":{"line":13,"column":3}},"4":{"start":{"line":7,"column":19},"end":{"line":7,"column":69}},"5":{"start":{"line":8,"column":25},"end":{"line":10,"column":33}},"6":{"start":{"line":9,"column":26},"end":{"line":9,"column":35}},"7":{"start":{"line":12,"column":4},"end":{"line":12,"column":49}},"8":{"start":{"line":15,"column":2},"end":{"line":15,"column":25}},"9":{"start":{"line":16,"column":2},"end":{"line":16,"column":9}}},"fnMap":{"0":{"name":"(anonymous_0)","decl":{"start":{"line":3,"column":24},"end":{"line":3,"column":25}},"loc":{"start":{"line":3,"column":36},"end":{"line":17,"column":1}},"line":3},"1":{"name":"(anonymous_1)","decl":{"start":{"line":3,"column":36},"end":{"line":3,"column":37}},"loc":{"start":{"line":3,"column":56},"end":{"line":17,"column":1}},"line":3},"2":{"name":"(anonymous_2)","decl":{"start":{"line":9,"column":19},"end":{"line":9,"column":20}},"loc":{"start":{"line":9,"column":26},"end":{"line":9,"column":35}},"line":9}},"branchMap":{"0":{"loc":{"start":{"line":4,"column":34},"end":{"line":4,"column":48}},"type":"binary-expr","locations":[{"start":{"line":4,"column":34},"end":{"line":4,"column":42}},{"start":{"line":4,"column":46},"end":{"line":4,"column":48}}],"line":4},"1":{"loc":{"start":{"line":6,"column":2},"end":{"line":13,"column":3}},"type":"if","locations":[{"start":{"line":6,"column":2},"end":{"line":13,"column":3}},{"start":{},"end":{}}],"line":6},"2":{"loc":{"start":{"line":7,"column":19},"end":{"line":7,"column":69}},"type":"binary-expr","locations":[{"start":{"line":7,"column":19},"end":{"line":7,"column":39}},{"start":{"line":7,"column":43},"end":{"line":7,"column":63}},{"start":{"line":7,"column":67},"end":{"line":7,"column":69}}],"line":7},"3":{"loc":{"start":{"line":8,"column":25},"end":{"line":10,"column":33}},"type":"cond-expr","locations":[{"start":{"line":9,"column":8},"end":{"line":9,"column":47}},{"start":{"line":10,"column":8},"end":{"line":10,"column":33}}],"line":8}},"s":{"0":5,"1":15,"2":3,"3":3,"4":1,"5":1,"6":3,"7":1,"8":2,"9":2},"f":{"0":15,"1":3,"2":3},"b":{"0":[3,0],"1":[1,2],"2":[1,0,0],"3":[1,0]},"_coverageSchema":"1a1c01bbd47fc00a2c39e90264f33305004495a9","hash":"c9e9d11549652a078e2710deb7fc06b9e25293d8"}
,"D:\\user\\Desktop\\Chat Application\\chat-app-backend\\src\\models\\Conversation.js": {"path":"D:\\user\\Desktop\\Chat Application\\chat-app-backend\\src\\models\\Conversation.js","statementMap":{"0":{"start":{"line":3,"column":27},"end":{"line":27,"column":1}},"1":{"start":{"line":14,"column":17},"end":{"line":14,"column":33}},"2":{"start":{"line":29,"column":0},"end":{"line":29,"column":46}},"3":{"start":{"line":31,"column":21},"end":{"line":31,"column":71}}},"fnMap":{"0":{"name":"(anonymous_0)","decl":{"start":{"line":14,"column":8},"end":{"line":14,"column":9}},"loc":{"start":{"line":14,"column":17},"end":{"line":14,"column":33}},"line":14}},"branchMap":{},"s":{"0":5,"1":4,"2":5,"3":5},"f":{"0":4},"b":{},"_coverageSchema":"1a1c01bbd47fc00a2c39e90264f33305004495a9","hash":"4d533ee92a392ab95f4b6f75fa2334a8d70e8663"}
,"D:\\user\\Desktop\\Chat Application\\chat-app-backend\\src\\models\\Message.js": {"path":"D:\\user\\Desktop\\Chat Application\\chat-app-backend\\src\\models\\Message.js","statementMap":{"0":{"start":{"line":3,"column":22},"end":{"line":30,"column":1}},"1":{"start":{"line":32,"column":0},"end":{"line":32,"column":58}},"2":{"start":{"line":34,"column":16},"end":{"line":34,"column":56}}},"fnMap":{},"branchMap":{},"s":{"0":5,"1":5,"2":5},"f":{},"b":{},"_coverageSchema":"1a1c01bbd47fc00a2c39e90264f33305004495a9","hash":"81b5b424a8a20890c2ff91b158d0d3bf22999306"}
,"D:\\user\\Desktop\\Chat Application\\chat-app-backend\\src\\models\\Otp.js": {"path":"D:\\user\\Desktop\\Chat Application\\chat-app-backend\\src\\models\\Otp.js","statementMap":{"0":{"start":{"line":3,"column":18},"end":{"line":22,"column":1}},"1":{"start":{"line":24,"column":12},"end":{"line":24,"column":44}}},"fnMap":{},"branchMap":{},"s":{"0":5,"1":5},"f":{},"b":{},"_coverageSchema":"1a1c01bbd47fc00a2c39e90264f33305004495a9","hash":"50667cd00d070b9369cb8ebfe59010fc1c918fd4"}
,"D:\\user\\Desktop\\Chat Application\\chat-app-backend\\src\\models\\User.js": {"path":"D:\\user\\Desktop\\Chat Application\\chat-app-backend\\src\\models\\User.js","statementMap":{"0":{"start":{"line":4,"column":19},"end":{"line":40,"column":1}},"1":{"start":{"line":43,"column":0},"end":{"line":50,"column":3}},"2":{"start":{"line":44,"column":2},"end":{"line":46,"column":3}},"3":{"start":{"line":45,"column":4},"end":{"line":45,"column":18}},"4":{"start":{"line":47,"column":15},"end":{"line":47,"column":39}},"5":{"start":{"line":48,"column":2},"end":{"line":48,"column":57}},"6":{"start":{"line":49,"column":2},"end":{"line":49,"column":9}},"7":{"start":{"line":53,"column":0},"end":{"line":55,"column":2}},"8":{"start":{"line":54,"column":2},"end":{"line":54,"column":62}},"9":{"start":{"line":57,"column":13},"end":{"line":57,"column":47}}},"fnMap":{"0":{"name":"(anonymous_0)","decl":{"start":{"line":43,"column":23},"end":{"line":43,"column":24}},"loc":{"start":{"line":43,"column":45},"end":{"line":50,"column":1}},"line":43},"1":{"name":"(anonymous_1)","decl":{"start":{"line":53,"column":35},"end":{"line":53,"column":36}},"loc":{"start":{"line":53,"column":68},"end":{"line":55,"column":1}},"line":53}},"branchMap":{"0":{"loc":{"start":{"line":44,"column":2},"end":{"line":46,"column":3}},"type":"if","locations":[{"start":{"line":44,"column":2},"end":{"line":46,"column":3}},{"start":{},"end":{}}],"line":44}},"s":{"0":5,"1":5,"2":10,"3":0,"4":10,"5":10,"6":10,"7":5,"8":0,"9":5},"f":{"0":10,"1":0},"b":{"0":[0,10]},"_coverageSchema":"1a1c01bbd47fc00a2c39e90264f33305004495a9","hash":"6b4defda55ec23d4cda620ef2a7cc11bd7a011d2"}
,"D:\\user\\Desktop\\Chat Application\\chat-app-backend\\src\\repositories\\conversationRepository.js": {"path":"D:\\user\\Desktop\\Chat Application\\chat-app-backend\\src\\repositories\\conversationRepository.js","statementMap":{"0":{"start":{"line":5,"column":4},"end":{"line":12,"column":9}},"1":{"start":{"line":16,"column":25},"end":{"line":16,"column":84}},"2":{"start":{"line":17,"column":4},"end":{"line":17,"column":73}},"3":{"start":{"line":21,"column":4},"end":{"line":27,"column":31}},"4":{"start":{"line":31,"column":4},"end":{"line":31,"column":98}},"5":{"start":{"line":35,"column":4},"end":{"line":39,"column":6}}},"fnMap":{"0":{"name":"(anonymous_0)","decl":{"start":{"line":4,"column":2},"end":{"line":4,"column":3}},"loc":{"start":{"line":4,"column":53},"end":{"line":13,"column":3}},"line":4},"1":{"name":"(anonymous_1)","decl":{"start":{"line":15,"column":2},"end":{"line":15,"column":3}},"loc":{"start":{"line":15,"column":43},"end":{"line":18,"column":3}},"line":15},"2":{"name":"(anonymous_2)","decl":{"start":{"line":20,"column":2},"end":{"line":20,"column":3}},"loc":{"start":{"line":20,"column":37},"end":{"line":28,"column":3}},"line":20},"3":{"name":"(anonymous_3)","decl":{"start":{"line":30,"column":2},"end":{"line":30,"column":3}},"loc":{"start":{"line":30,"column":33},"end":{"line":32,"column":3}},"line":30},"4":{"name":"(anonymous_4)","decl":{"start":{"line":34,"column":2},"end":{"line":34,"column":3}},"loc":{"start":{"line":34,"column":53},"end":{"line":40,"column":3}},"line":34}},"branchMap":{},"s":{"0":1,"1":1,"2":1,"3":1,"4":2,"5":1},"f":{"0":1,"1":1,"2":1,"3":2,"4":1},"b":{},"_coverageSchema":"1a1c01bbd47fc00a2c39e90264f33305004495a9","hash":"f260b5a599798cb7146c810cb27a84c49d433e21"}
,"D:\\user\\Desktop\\Chat Application\\chat-app-backend\\src\\repositories\\messageRepository.js": {"path":"D:\\user\\Desktop\\Chat Application\\chat-app-backend\\src\\repositories\\messageRepository.js","statementMap":{"0":{"start":{"line":5,"column":20},"end":{"line":5,"column":53}},"1":{"start":{"line":6,"column":4},"end":{"line":6,"column":62}},"2":{"start":{"line":10,"column":18},"end":{"line":10,"column":36}},"3":{"start":{"line":13,"column":4},"end":{"line":18,"column":5}},"4":{"start":{"line":14,"column":28},"end":{"line":14,"column":78}},"5":{"start":{"line":15,"column":6},"end":{"line":17,"column":7}},"6":{"start":{"line":16,"column":8},"end":{"line":16,"column":59}},"7":{"start":{"line":21,"column":21},"end":{"line":24,"column":43}},"8":{"start":{"line":26,"column":20},"end":{"line":26,"column":43}},"9":{"start":{"line":27,"column":4},"end":{"line":29,"column":5}},"10":{"start":{"line":28,"column":6},"end":{"line":28,"column":21}},"11":{"start":{"line":32,"column":23},"end":{"line":32,"column":85}},"12":{"start":{"line":34,"column":4},"end":{"line":38,"column":6}},"13":{"start":{"line":43,"column":4},"end":{"line":43,"column":81}},"14":{"start":{"line":48,"column":4},"end":{"line":55,"column":6}}},"fnMap":{"0":{"name":"(anonymous_0)","decl":{"start":{"line":4,"column":2},"end":{"line":4,"column":3}},"loc":{"start":{"line":4,"column":28},"end":{"line":7,"column":3}},"line":4},"1":{"name":"(anonymous_1)","decl":{"start":{"line":9,"column":2},"end":{"line":9,"column":3}},"loc":{"start":{"line":9,"column":76},"end":{"line":39,"column":3}},"line":9},"2":{"name":"(anonymous_2)","decl":{"start":{"line":42,"column":2},"end":{"line":42,"column":3}},"loc":{"start":{"line":42,"column":40},"end":{"line":44,"column":3}},"line":42},"3":{"name":"(anonymous_3)","decl":{"start":{"line":47,"column":2},"end":{"line":47,"column":3}},"loc":{"start":{"line":47,"column":65},"end":{"line":56,"column":3}},"line":47}},"branchMap":{"0":{"loc":{"start":{"line":9,"column":49},"end":{"line":9,"column":62}},"type":"default-arg","locations":[{"start":{"line":9,"column":58},"end":{"line":9,"column":62}}],"line":9},"1":{"loc":{"start":{"line":9,"column":64},"end":{"line":9,"column":74}},"type":"default-arg","locations":[{"start":{"line":9,"column":72},"end":{"line":9,"column":74}}],"line":9},"2":{"loc":{"start":{"line":13,"column":4},"end":{"line":18,"column":5}},"type":"if","locations":[{"start":{"line":13,"column":4},"end":{"line":18,"column":5}},{"start":{},"end":{}}],"line":13},"3":{"loc":{"start":{"line":15,"column":6},"end":{"line":17,"column":7}},"type":"if","locations":[{"start":{"line":15,"column":6},"end":{"line":17,"column":7}},{"start":{},"end":{}}],"line":15},"4":{"loc":{"start":{"line":27,"column":4},"end":{"line":29,"column":5}},"type":"if","locations":[{"start":{"line":27,"column":4},"end":{"line":29,"column":5}},{"start":{},"end":{}}],"line":27},"5":{"loc":{"start":{"line":32,"column":23},"end":{"line":32,"column":85}},"type":"cond-expr","locations":[{"start":{"line":32,"column":45},"end":{"line":32,"column":78}},{"start":{"line":32,"column":81},"end":{"line":32,"column":85}}],"line":32}},"s":{"0":1,"1":1,"2":1,"3":1,"4":0,"5":0,"6":0,"7":1,"8":1,"9":1,"10":0,"11":1,"12":1,"13":0,"14":0},"f":{"0":1,"1":1,"2":0,"3":0},"b":{"0":[1],"1":[0],"2":[0,1],"3":[0,0],"4":[0,1],"5":[0,1]},"_coverageSchema":"1a1c01bbd47fc00a2c39e90264f33305004495a9","hash":"dba7b8cf0164e63590e931fdc52b7ea2fef55d92"}
,"D:\\user\\Desktop\\Chat Application\\chat-app-backend\\src\\repositories\\userRepository.js": {"path":"D:\\user\\Desktop\\Chat Application\\chat-app-backend\\src\\repositories\\userRepository.js","statementMap":{"0":{"start":{"line":6,"column":4},"end":{"line":6,"column":59}},"1":{"start":{"line":11,"column":4},"end":{"line":11,"column":41}},"2":{"start":{"line":16,"column":4},"end":{"line":16,"column":39}},"3":{"start":{"line":21,"column":4},"end":{"line":27,"column":42}},"4":{"start":{"line":32,"column":18},"end":{"line":34,"column":5}},"5":{"start":{"line":36,"column":4},"end":{"line":38,"column":5}},"6":{"start":{"line":37,"column":6},"end":{"line":37,"column":48}},"7":{"start":{"line":40,"column":18},"end":{"line":43,"column":23}},"8":{"start":{"line":45,"column":20},"end":{"line":45,"column":40}},"9":{"start":{"line":46,"column":4},"end":{"line":48,"column":5}},"10":{"start":{"line":47,"column":6},"end":{"line":47,"column":18}},"11":{"start":{"line":50,"column":23},"end":{"line":50,"column":76}},"12":{"start":{"line":52,"column":4},"end":{"line":56,"column":6}}},"fnMap":{"0":{"name":"(anonymous_0)","decl":{"start":{"line":5,"column":2},"end":{"line":5,"column":3}},"loc":{"start":{"line":5,"column":25},"end":{"line":7,"column":3}},"line":5},"1":{"name":"(anonymous_1)","decl":{"start":{"line":10,"column":2},"end":{"line":10,"column":3}},"loc":{"start":{"line":10,"column":27},"end":{"line":12,"column":3}},"line":10},"2":{"name":"(anonymous_2)","decl":{"start":{"line":15,"column":2},"end":{"line":15,"column":3}},"loc":{"start":{"line":15,"column":25},"end":{"line":17,"column":3}},"line":15},"3":{"name":"(anonymous_3)","decl":{"start":{"line":20,"column":2},"end":{"line":20,"column":3}},"loc":{"start":{"line":20,"column":42},"end":{"line":28,"column":3}},"line":20},"4":{"name":"(anonymous_4)","decl":{"start":{"line":31,"column":2},"end":{"line":31,"column":3}},"loc":{"start":{"line":31,"column":70},"end":{"line":57,"column":3}},"line":31}},"branchMap":{"0":{"loc":{"start":{"line":31,"column":43},"end":{"line":31,"column":56}},"type":"default-arg","locations":[{"start":{"line":31,"column":52},"end":{"line":31,"column":56}}],"line":31},"1":{"loc":{"start":{"line":31,"column":58},"end":{"line":31,"column":68}},"type":"default-arg","locations":[{"start":{"line":31,"column":66},"end":{"line":31,"column":68}}],"line":31},"2":{"loc":{"start":{"line":36,"column":4},"end":{"line":38,"column":5}},"type":"if","locations":[{"start":{"line":36,"column":4},"end":{"line":38,"column":5}},{"start":{},"end":{}}],"line":36},"3":{"loc":{"start":{"line":46,"column":4},"end":{"line":48,"column":5}},"type":"if","locations":[{"start":{"line":46,"column":4},"end":{"line":48,"column":5}},{"start":{},"end":{}}],"line":46},"4":{"loc":{"start":{"line":50,"column":23},"end":{"line":50,"column":76}},"type":"cond-expr","locations":[{"start":{"line":50,"column":42},"end":{"line":50,"column":69}},{"start":{"line":50,"column":72},"end":{"line":50,"column":76}}],"line":50}},"s":{"0":7,"1":1,"2":0,"3":0,"4":1,"5":1,"6":0,"7":1,"8":1,"9":1,"10":0,"11":1,"12":1},"f":{"0":7,"1":1,"2":0,"3":0,"4":1},"b":{"0":[1],"1":[0],"2":[0,1],"3":[0,1],"4":[0,1]},"_coverageSchema":"1a1c01bbd47fc00a2c39e90264f33305004495a9","hash":"9804b0c48c50cde9c6c272e294a58bad2eeba80d"}
,"D:\\user\\Desktop\\Chat Application\\chat-app-backend\\src\\routes\\authRoutes.js": {"path":"D:\\user\\Desktop\\Chat Application\\chat-app-backend\\src\\routes\\authRoutes.js","statementMap":{"0":{"start":{"line":14,"column":15},"end":{"line":14,"column":31}},"1":{"start":{"line":16,"column":0},"end":{"line":16,"column":50}},"2":{"start":{"line":17,"column":0},"end":{"line":17,"column":54}},"3":{"start":{"line":18,"column":0},"end":{"line":18,"column":68}},"4":{"start":{"line":19,"column":0},"end":{"line":19,"column":56}},"5":{"start":{"line":22,"column":0},"end":{"line":22,"column":34}}},"fnMap":{},"branchMap":{},"s":{"0":5,"1":5,"2":5,"3":5,"4":5,"5":5},"f":{},"b":{},"_coverageSchema":"1a1c01bbd47fc00a2c39e90264f33305004495a9","hash":"d49e579b4ae817e66b998081b2b55845dd1cb118"}
,"D:\\user\\Desktop\\Chat Application\\chat-app-backend\\src\\routes\\conversationRoutes.js": {"path":"D:\\user\\Desktop\\Chat Application\\chat-app-backend\\src\\routes\\conversationRoutes.js","statementMap":{"0":{"start":{"line":8,"column":15},"end":{"line":8,"column":31}},"1":{"start":{"line":10,"column":0},"end":{"line":10,"column":20}},"2":{"start":{"line":11,"column":0},"end":{"line":11,"column":42}},"3":{"start":{"line":12,"column":0},"end":{"line":12,"column":36}}},"fnMap":{},"branchMap":{},"s":{"0":5,"1":5,"2":5,"3":5},"f":{},"b":{},"_coverageSchema":"1a1c01bbd47fc00a2c39e90264f33305004495a9","hash":"023f2dc64fd131b72556fe5eb3fdf9e5a6291b30"}
,"D:\\user\\Desktop\\Chat Application\\chat-app-backend\\src\\routes\\messageRoutes.js": {"path":"D:\\user\\Desktop\\Chat Application\\chat-app-backend\\src\\routes\\messageRoutes.js","statementMap":{"0":{"start":{"line":10,"column":15},"end":{"line":10,"column":31}},"1":{"start":{"line":12,"column":0},"end":{"line":12,"column":20}},"2":{"start":{"line":14,"column":0},"end":{"line":14,"column":44}},"3":{"start":{"line":15,"column":0},"end":{"line":15,"column":61}}},"fnMap":{},"branchMap":{},"s":{"0":5,"1":5,"2":5,"3":5},"f":{},"b":{},"_coverageSchema":"1a1c01bbd47fc00a2c39e90264f33305004495a9","hash":"d984e8425d0356add7ff9faf73e86eb871460d8f"}
,"D:\\user\\Desktop\\Chat Application\\chat-app-backend\\src\\routes\\userRoutes.js": {"path":"D:\\user\\Desktop\\Chat Application\\chat-app-backend\\src\\routes\\userRoutes.js","statementMap":{"0":{"start":{"line":5,"column":15},"end":{"line":5,"column":31}},"1":{"start":{"line":7,"column":0},"end":{"line":7,"column":20}},"2":{"start":{"line":10,"column":0},"end":{"line":10,"column":32}},"3":{"start":{"line":13,"column":0},"end":{"line":13,"column":35}}},"fnMap":{},"branchMap":{},"s":{"0":5,"1":5,"2":5,"3":5},"f":{},"b":{},"_coverageSchema":"1a1c01bbd47fc00a2c39e90264f33305004495a9","hash":"8d00d0ca6f236c3c8c51cfa59f72d626f7fcbbd0"}
,"D:\\user\\Desktop\\Chat Application\\chat-app-backend\\src\\socket\\socket.js": {"path":"D:\\user\\Desktop\\Chat Application\\chat-app-backend\\src\\socket\\socket.js","statementMap":{"0":{"start":{"line":11,"column":20},"end":{"line":11,"column":29}},"1":{"start":{"line":13,"column":26},"end":{"line":210,"column":1}},"2":{"start":{"line":15,"column":2},"end":{"line":20,"column":5}},"3":{"start":{"line":25,"column":2},"end":{"line":55,"column":5}},"4":{"start":{"line":26,"column":4},"end":{"line":54,"column":5}},"5":{"start":{"line":27,"column":28},"end":{"line":27,"column":67}},"6":{"start":{"line":28,"column":26},"end":{"line":32,"column":14}},"7":{"start":{"line":34,"column":20},"end":{"line":34,"column":63}},"8":{"start":{"line":36,"column":6},"end":{"line":38,"column":7}},"9":{"start":{"line":37,"column":8},"end":{"line":37,"column":71}},"10":{"start":{"line":41,"column":22},"end":{"line":41,"column":63}},"11":{"start":{"line":42,"column":19},"end":{"line":42,"column":70}},"12":{"start":{"line":44,"column":6},"end":{"line":46,"column":7}},"13":{"start":{"line":45,"column":8},"end":{"line":45,"column":72}},"14":{"start":{"line":49,"column":6},"end":{"line":49,"column":25}},"15":{"start":{"line":50,"column":6},"end":{"line":50,"column":13}},"16":{"start":{"line":53,"column":6},"end":{"line":53,"column":73}},"17":{"start":{"line":60,"column":2},"end":{"line":207,"column":5}},"18":{"start":{"line":61,"column":19},"end":{"line":61,"column":45}},"19":{"start":{"line":64,"column":4},"end":{"line":66,"column":5}},"20":{"start":{"line":65,"column":6},"end":{"line":65,"column":41}},"21":{"start":{"line":67,"column":4},"end":{"line":67,"column":43}},"22":{"start":{"line":69,"column":4},"end":{"line":69,"column":78}},"23":{"start":{"line":72,"column":4},"end":{"line":72,"column":57}},"24":{"start":{"line":75,"column":4},"end":{"line":78,"column":7}},"25":{"start":{"line":76,"column":6},"end":{"line":76,"column":34}},"26":{"start":{"line":77,"column":6},"end":{"line":77,"column":79}},"27":{"start":{"line":81,"column":4},"end":{"line":84,"column":7}},"28":{"start":{"line":82,"column":6},"end":{"line":82,"column":35}},"29":{"start":{"line":83,"column":6},"end":{"line":83,"column":77}},"30":{"start":{"line":87,"column":4},"end":{"line":126,"column":7}},"31":{"start":{"line":88,"column":6},"end":{"line":125,"column":7}},"32":{"start":{"line":89,"column":44},"end":{"line":89,"column":48}},"33":{"start":{"line":91,"column":8},"end":{"line":93,"column":9}},"34":{"start":{"line":92,"column":10},"end":{"line":92,"column":95}},"35":{"start":{"line":96,"column":29},"end":{"line":96,"column":82}},"36":{"start":{"line":97,"column":8},"end":{"line":99,"column":9}},"37":{"start":{"line":98,"column":10},"end":{"line":98,"column":77}},"38":{"start":{"line":102,"column":30},"end":{"line":102,"column":96}},"39":{"start":{"line":102,"column":68},"end":{"line":102,"column":95}},"40":{"start":{"line":103,"column":8},"end":{"line":105,"column":9}},"41":{"start":{"line":104,"column":10},"end":{"line":104,"column":83}},"42":{"start":{"line":108,"column":27},"end":{"line":112,"column":10}},"43":{"start":{"line":115,"column":8},"end":{"line":115,"column":87}},"44":{"start":{"line":118,"column":33},"end":{"line":118,"column":86}},"45":{"start":{"line":121,"column":8},"end":{"line":121,"column":68}},"46":{"start":{"line":123,"column":8},"end":{"line":123,"column":58}},"47":{"start":{"line":124,"column":8},"end":{"line":124,"column":71}},"48":{"start":{"line":133,"column":4},"end":{"line":139,"column":7}},"49":{"start":{"line":134,"column":6},"end":{"line":134,"column":34}},"50":{"start":{"line":134,"column":27},"end":{"line":134,"column":34}},"51":{"start":{"line":135,"column":6},"end":{"line":138,"column":9}},"52":{"start":{"line":142,"column":4},"end":{"line":148,"column":7}},"53":{"start":{"line":143,"column":6},"end":{"line":143,"column":34}},"54":{"start":{"line":143,"column":27},"end":{"line":143,"column":34}},"55":{"start":{"line":144,"column":6},"end":{"line":147,"column":9}},"56":{"start":{"line":155,"column":4},"end":{"line":171,"column":7}},"57":{"start":{"line":156,"column":6},"end":{"line":170,"column":7}},"58":{"start":{"line":157,"column":8},"end":{"line":157,"column":31}},"59":{"start":{"line":157,"column":24},"end":{"line":157,"column":31}},"60":{"start":{"line":160,"column":8},"end":{"line":160,"column":69}},"61":{"start":{"line":163,"column":8},"end":{"line":167,"column":11}},"62":{"start":{"line":169,"column":8},"end":{"line":169,"column":63}},"63":{"start":{"line":174,"column":4},"end":{"line":189,"column":7}},"64":{"start":{"line":175,"column":6},"end":{"line":188,"column":7}},"65":{"start":{"line":176,"column":8},"end":{"line":176,"column":36}},"66":{"start":{"line":176,"column":29},"end":{"line":176,"column":36}},"67":{"start":{"line":179,"column":8},"end":{"line":179,"column":87}},"68":{"start":{"line":182,"column":8},"end":{"line":185,"column":11}},"69":{"start":{"line":187,"column":8},"end":{"line":187,"column":63}},"70":{"start":{"line":192,"column":4},"end":{"line":206,"column":7}},"71":{"start":{"line":193,"column":26},"end":{"line":193,"column":49}},"72":{"start":{"line":195,"column":6},"end":{"line":203,"column":7}},"73":{"start":{"line":196,"column":8},"end":{"line":196,"column":38}},"74":{"start":{"line":199,"column":8},"end":{"line":202,"column":9}},"75":{"start":{"line":200,"column":10},"end":{"line":200,"column":37}},"76":{"start":{"line":201,"column":10},"end":{"line":201,"column":64}},"77":{"start":{"line":205,"column":6},"end":{"line":205,"column":83}},"78":{"start":{"line":209,"column":2},"end":{"line":209,"column":12}},"79":{"start":{"line":213,"column":21},"end":{"line":218,"column":1}},"80":{"start":{"line":214,"column":2},"end":{"line":216,"column":3}},"81":{"start":{"line":215,"column":4},"end":{"line":215,"column":59}},"82":{"start":{"line":217,"column":2},"end":{"line":217,"column":12}}},"fnMap":{"0":{"name":"(anonymous_0)","decl":{"start":{"line":13,"column":26},"end":{"line":13,"column":27}},"loc":{"start":{"line":13,"column":38},"end":{"line":210,"column":1}},"line":13},"1":{"name":"(anonymous_1)","decl":{"start":{"line":25,"column":9},"end":{"line":25,"column":10}},"loc":{"start":{"line":25,"column":33},"end":{"line":55,"column":3}},"line":25},"2":{"name":"(anonymous_2)","decl":{"start":{"line":60,"column":22},"end":{"line":60,"column":23}},"loc":{"start":{"line":60,"column":34},"end":{"line":207,"column":3}},"line":60},"3":{"name":"(anonymous_3)","decl":{"start":{"line":75,"column":35},"end":{"line":75,"column":36}},"loc":{"start":{"line":75,"column":55},"end":{"line":78,"column":5}},"line":75},"4":{"name":"(anonymous_4)","decl":{"start":{"line":81,"column":36},"end":{"line":81,"column":37}},"loc":{"start":{"line":81,"column":56},"end":{"line":84,"column":5}},"line":81},"5":{"name":"(anonymous_5)","decl":{"start":{"line":87,"column":30},"end":{"line":87,"column":31}},"loc":{"start":{"line":87,"column":46},"end":{"line":126,"column":5}},"line":87},"6":{"name":"(anonymous_6)","decl":{"start":{"line":102,"column":61},"end":{"line":102,"column":62}},"loc":{"start":{"line":102,"column":68},"end":{"line":102,"column":95}},"line":102},"7":{"name":"(anonymous_7)","decl":{"start":{"line":133,"column":24},"end":{"line":133,"column":25}},"loc":{"start":{"line":133,"column":48},"end":{"line":139,"column":5}},"line":133},"8":{"name":"(anonymous_8)","decl":{"start":{"line":142,"column":29},"end":{"line":142,"column":30}},"loc":{"start":{"line":142,"column":53},"end":{"line":148,"column":5}},"line":142},"9":{"name":"(anonymous_9)","decl":{"start":{"line":155,"column":35},"end":{"line":155,"column":36}},"loc":{"start":{"line":155,"column":76},"end":{"line":171,"column":5}},"line":155},"10":{"name":"(anonymous_10)","decl":{"start":{"line":174,"column":30},"end":{"line":174,"column":31}},"loc":{"start":{"line":174,"column":60},"end":{"line":189,"column":5}},"line":174},"11":{"name":"(anonymous_11)","decl":{"start":{"line":192,"column":28},"end":{"line":192,"column":29}},"loc":{"start":{"line":192,"column":34},"end":{"line":206,"column":5}},"line":192},"12":{"name":"(anonymous_12)","decl":{"start":{"line":213,"column":21},"end":{"line":213,"column":22}},"loc":{"start":{"line":213,"column":27},"end":{"line":218,"column":1}},"line":213}},"branchMap":{"0":{"loc":{"start":{"line":28,"column":26},"end":{"line":32,"column":14}},"type":"cond-expr","locations":[{"start":{"line":29,"column":10},"end":{"line":31,"column":25}},{"start":{"line":32,"column":10},"end":{"line":32,"column":14}}],"line":28},"1":{"loc":{"start":{"line":29,"column":10},"end":{"line":31,"column":25}},"type":"cond-expr","locations":[{"start":{"line":30,"column":12},"end":{"line":30,"column":39}},{"start":{"line":31,"column":12},"end":{"line":31,"column":25}}],"line":29},"2":{"loc":{"start":{"line":34,"column":20},"end":{"line":34,"column":63}},"type":"binary-expr","locations":[{"start":{"line":34,"column":20},"end":{"line":34,"column":48}},{"start":{"line":34,"column":52},"end":{"line":34,"column":63}}],"line":34},"3":{"loc":{"start":{"line":36,"column":6},"end":{"line":38,"column":7}},"type":"if","locations":[{"start":{"line":36,"column":6},"end":{"line":38,"column":7}},{"start":{},"end":{}}],"line":36},"4":{"loc":{"start":{"line":44,"column":6},"end":{"line":46,"column":7}},"type":"if","locations":[{"start":{"line":44,"column":6},"end":{"line":46,"column":7}},{"start":{},"end":{}}],"line":44},"5":{"loc":{"start":{"line":64,"column":4},"end":{"line":66,"column":5}},"type":"if","locations":[{"start":{"line":64,"column":4},"end":{"line":66,"column":5}},{"start":{},"end":{}}],"line":64},"6":{"loc":{"start":{"line":91,"column":8},"end":{"line":93,"column":9}},"type":"if","locations":[{"start":{"line":91,"column":8},"end":{"line":93,"column":9}},{"start":{},"end":{}}],"line":91},"7":{"loc":{"start":{"line":91,"column":12},"end":{"line":91,"column":47}},"type":"binary-expr","locations":[{"start":{"line":91,"column":12},"end":{"line":91,"column":27}},{"start":{"line":91,"column":31},"end":{"line":91,"column":47}}],"line":91},"8":{"loc":{"start":{"line":97,"column":8},"end":{"line":99,"column":9}},"type":"if","locations":[{"start":{"line":97,"column":8},"end":{"line":99,"column":9}},{"start":{},"end":{}}],"line":97},"9":{"loc":{"start":{"line":103,"column":8},"end":{"line":105,"column":9}},"type":"if","locations":[{"start":{"line":103,"column":8},"end":{"line":105,"column":9}},{"start":{},"end":{}}],"line":103},"10":{"loc":{"start":{"line":134,"column":6},"end":{"line":134,"column":34}},"type":"if","locations":[{"start":{"line":134,"column":6},"end":{"line":134,"column":34}},{"start":{},"end":{}}],"line":134},"11":{"loc":{"start":{"line":143,"column":6},"end":{"line":143,"column":34}},"type":"if","locations":[{"start":{"line":143,"column":6},"end":{"line":143,"column":34}},{"start":{},"end":{}}],"line":143},"12":{"loc":{"start":{"line":157,"column":8},"end":{"line":157,"column":31}},"type":"if","locations":[{"start":{"line":157,"column":8},"end":{"line":157,"column":31}},{"start":{},"end":{}}],"line":157},"13":{"loc":{"start":{"line":176,"column":8},"end":{"line":176,"column":36}},"type":"if","locations":[{"start":{"line":176,"column":8},"end":{"line":176,"column":36}},{"start":{},"end":{}}],"line":176},"14":{"loc":{"start":{"line":195,"column":6},"end":{"line":203,"column":7}},"type":"if","locations":[{"start":{"line":195,"column":6},"end":{"line":203,"column":7}},{"start":{},"end":{}}],"line":195},"15":{"loc":{"start":{"line":199,"column":8},"end":{"line":202,"column":9}},"type":"if","locations":[{"start":{"line":199,"column":8},"end":{"line":202,"column":9}},{"start":{},"end":{}}],"line":199},"16":{"loc":{"start":{"line":214,"column":2},"end":{"line":216,"column":3}},"type":"if","locations":[{"start":{"line":214,"column":2},"end":{"line":216,"column":3}},{"start":{},"end":{}}],"line":214}},"s":{"0":1,"1":1,"2":1,"3":1,"4":1,"5":1,"6":1,"7":1,"8":1,"9":1,"10":0,"11":0,"12":0,"13":0,"14":0,"15":0,"16":0,"17":1,"18":0,"19":0,"20":0,"21":0,"22":0,"23":0,"24":0,"25":0,"26":0,"27":0,"28":0,"29":0,"30":0,"31":0,"32":0,"33":0,"34":0,"35":0,"36":0,"37":0,"38":0,"39":0,"40":0,"41":0,"42":0,"43":0,"44":0,"45":0,"46":0,"47":0,"48":0,"49":0,"50":0,"51":0,"52":0,"53":0,"54":0,"55":0,"56":0,"57":0,"58":0,"59":0,"60":0,"61":0,"62":0,"63":0,"64":0,"65":0,"66":0,"67":0,"68":0,"69":0,"70":0,"71":0,"72":0,"73":0,"74":0,"75":0,"76":0,"77":0,"78":1,"79":1,"80":0,"81":0,"82":0},"f":{"0":1,"1":1,"2":0,"3":0,"4":0,"5":0,"6":0,"7":0,"8":0,"9":0,"10":0,"11":0,"12":0},"b":{"0":[0,1],"1":[0,0],"2":[1,1],"3":[1,0],"4":[0,0],"5":[0,0],"6":[0,0],"7":[0,0],"8":[0,0],"9":[0,0],"10":[0,0],"11":[0,0],"12":[0,0],"13":[0,0],"14":[0,0],"15":[0,0],"16":[0,0]},"_coverageSchema":"1a1c01bbd47fc00a2c39e90264f33305004495a9","hash":"0768a164d3457e848553c9cc22917177c236ed8c"}
,"D:\\user\\Desktop\\Chat Application\\chat-app-backend\\src\\utils\\AppError.js": {"path":"D:\\user\\Desktop\\Chat Application\\chat-app-backend\\src\\utils\\AppError.js","statementMap":{"0":{"start":{"line":3,"column":4},"end":{"line":3,"column":19}},"1":{"start":{"line":4,"column":4},"end":{"line":4,"column":33}},"2":{"start":{"line":5,"column":4},"end":{"line":5,"column":69}},"3":{"start":{"line":6,"column":4},"end":{"line":6,"column":30}},"4":{"start":{"line":8,"column":4},"end":{"line":8,"column":52}}},"fnMap":{"0":{"name":"(anonymous_0)","decl":{"start":{"line":2,"column":2},"end":{"line":2,"column":3}},"loc":{"start":{"line":2,"column":35},"end":{"line":9,"column":3}},"line":2}},"branchMap":{"0":{"loc":{"start":{"line":5,"column":18},"end":{"line":5,"column":68}},"type":"cond-expr","locations":[{"start":{"line":5,"column":52},"end":{"line":5,"column":58}},{"start":{"line":5,"column":61},"end":{"line":5,"column":68}}],"line":5}},"s":{"0":2,"1":2,"2":2,"3":2,"4":2},"f":{"0":2},"b":{"0":[2,0]},"_coverageSchema":"1a1c01bbd47fc00a2c39e90264f33305004495a9","hash":"f6461086ac7d22a4c78bc6e1825b6a708b0c7ddc"}
,"D:\\user\\Desktop\\Chat Application\\chat-app-backend\\src\\utils\\generateToken.js": {"path":"D:\\user\\Desktop\\Chat Application\\chat-app-backend\\src\\utils\\generateToken.js","statementMap":{"0":{"start":{"line":3,"column":22},"end":{"line":7,"column":1}},"1":{"start":{"line":4,"column":2},"end":{"line":6,"column":5}}},"fnMap":{"0":{"name":"(anonymous_0)","decl":{"start":{"line":3,"column":22},"end":{"line":3,"column":23}},"loc":{"start":{"line":3,"column":30},"end":{"line":7,"column":1}},"line":3}},"branchMap":{"0":{"loc":{"start":{"line":5,"column":15},"end":{"line":5,"column":50}},"type":"binary-expr","locations":[{"start":{"line":5,"column":15},"end":{"line":5,"column":41}},{"start":{"line":5,"column":45},"end":{"line":5,"column":50}}],"line":5}},"s":{"0":5,"1":6},"f":{"0":6},"b":{"0":[6,0]},"_coverageSchema":"1a1c01bbd47fc00a2c39e90264f33305004495a9","hash":"37ab25ca33372deae71801f834d16e941e5ddc02"}
,"D:\\user\\Desktop\\Chat Application\\chat-app-backend\\src\\validators\\schemas.js": {"path":"D:\\user\\Desktop\\Chat Application\\chat-app-backend\\src\\validators\\schemas.js","statementMap":{"0":{"start":{"line":3,"column":30},"end":{"line":7,"column":2}},"1":{"start":{"line":9,"column":27},"end":{"line":12,"column":2}},"2":{"start":{"line":14,"column":35},"end":{"line":17,"column":2}}},"fnMap":{},"branchMap":{},"s":{"0":5,"1":5,"2":5},"f":{},"b":{},"_coverageSchema":"1a1c01bbd47fc00a2c39e90264f33305004495a9","hash":"434a749a40dca92bfd6277b9a8ceef8d53ce5eb3"}
}
