TN:
SF:src\app.js
FN:29,(anonymous_0)
FNF:1
FNH:0
FNDA:0,(anonymous_0)
DA:21,5
DA:24,5
DA:25,5
DA:26,5
DA:29,5
DA:30,0
DA:38,5
DA:39,5
DA:40,5
DA:41,5
DA:44,5
DA:47,5
LF:12
LH:11
BRF:0
BRH:0
end_of_record
TN:
SF:src\config\logger.js
FN:21,(anonymous_0)
FNF:1
FNH:1
FNDA:2,(anonymous_0)
DA:3,5
DA:6,5
DA:13,5
DA:22,2
DA:29,5
DA:30,5
DA:36,5
LF:7
LH:7
BRDA:16,0,0,0
BRDA:16,0,1,5
BRDA:22,1,0,2
BRDA:22,1,1,2
BRDA:29,2,0,5
BRDA:29,2,1,0
BRDA:37,3,0,5
BRDA:37,3,1,5
BRDA:37,4,0,0
BRDA:37,4,1,5
BRF:10
BRH:7
end_of_record
TN:
SF:src\controllers\authController.js
FN:10,(anonymous_0)
FN:63,(anonymous_1)
FN:128,(anonymous_2)
FN:176,(anonymous_3)
FN:208,(anonymous_4)
FNF:5
FNH:1
FNDA:0,(anonymous_0)
FNDA:0,(anonymous_1)
FNDA:0,(anonymous_2)
FNDA:1,(anonymous_3)
FNDA:0,(anonymous_4)
DA:10,5
DA:11,0
DA:12,0
DA:14,0
DA:15,0
DA:19,0
DA:20,0
DA:21,0
DA:25,0
DA:28,0
DA:31,0
DA:37,0
DA:51,0
DA:56,0
DA:63,5
DA:64,0
DA:65,0
DA:67,0
DA:68,0
DA:72,0
DA:73,0
DA:74,0
DA:78,0
DA:79,0
DA:80,0
DA:81,0
DA:82,0
DA:83,0
DA:90,0
DA:93,0
DA:96,0
DA:102,0
DA:116,0
DA:121,0
DA:128,5
DA:129,0
DA:130,0
DA:132,0
DA:133,0
DA:137,0
DA:138,0
DA:139,0
DA:143,0
DA:144,0
DA:145,0
DA:149,0
DA:156,0
DA:158,0
DA:169,0
DA:176,5
DA:177,1
DA:178,1
DA:180,1
DA:181,0
DA:185,1
DA:187,1
DA:188,1
DA:191,0
DA:201,0
DA:208,5
DA:209,0
DA:210,0
DA:215,0
LF:63
LH:11
BRDA:14,0,0,0
BRDA:14,0,1,0
BRDA:20,1,0,0
BRDA:20,1,1,0
BRDA:67,2,0,0
BRDA:67,2,1,0
BRDA:73,3,0,0
BRDA:73,3,1,0
BRDA:79,4,0,0
BRDA:79,4,1,0
BRDA:81,5,0,0
BRDA:81,5,1,0
BRDA:132,6,0,0
BRDA:132,6,1,0
BRDA:132,7,0,0
BRDA:132,7,1,0
BRDA:132,7,2,0
BRDA:132,7,3,0
BRDA:138,8,0,0
BRDA:138,8,1,0
BRDA:144,9,0,0
BRDA:144,9,1,0
BRDA:180,10,0,0
BRDA:180,10,1,1
BRDA:180,11,0,1
BRDA:180,11,1,1
BRDA:187,12,0,1
BRDA:187,12,1,0
BRDA:187,13,0,1
BRDA:187,13,1,0
BRF:30
BRH:5
end_of_record
TN:
SF:src\controllers\conversationController.js
FN:8,(anonymous_0)
FN:46,(anonymous_1)
FNF:2
FNH:2
FNDA:1,(anonymous_0)
FNDA:1,(anonymous_1)
DA:8,5
DA:9,1
DA:10,1
DA:12,1
DA:13,0
DA:16,1
DA:17,0
DA:20,1
DA:21,1
DA:22,0
DA:25,1
DA:30,1
DA:31,1
DA:34,1
DA:39,0
DA:46,5
DA:47,1
DA:48,1
DA:50,1
DA:56,0
LF:20
LH:15
BRDA:12,0,0,0
BRDA:12,0,1,1
BRDA:16,1,0,0
BRDA:16,1,1,1
BRDA:21,2,0,0
BRDA:21,2,1,1
BRDA:30,3,0,1
BRDA:30,3,1,0
BRF:8
BRH:4
end_of_record
TN:
SF:src\controllers\messageController.js
FN:8,(anonymous_0)
FN:20,(anonymous_1)
FN:44,(anonymous_2)
FNF:3
FNH:3
FNDA:1,(anonymous_0)
FNDA:1,(anonymous_1)
FNDA:1,(anonymous_2)
DA:8,5
DA:9,1
DA:10,1
DA:11,1
DA:12,1
DA:14,1
DA:15,1
DA:16,0
DA:19,1
DA:20,1
DA:23,1
DA:24,0
DA:27,1
DA:29,1
DA:37,0
DA:44,5
DA:45,1
DA:46,1
DA:48,1
DA:49,0
DA:52,1
DA:53,1
DA:54,0
DA:57,1
DA:63,1
DA:65,1
DA:70,0
LF:27
LH:21
BRDA:12,0,0,1
BRDA:12,0,1,1
BRDA:15,1,0,0
BRDA:15,1,1,1
BRDA:23,2,0,0
BRDA:23,2,1,1
BRDA:48,3,0,0
BRDA:48,3,1,1
BRDA:48,4,0,1
BRDA:48,4,1,1
BRDA:53,5,0,0
BRDA:53,5,1,1
BRF:12
BRH:8
end_of_record
TN:
SF:src\controllers\userController.js
FN:7,(anonymous_0)
FN:29,(anonymous_1)
FNF:2
FNH:2
FNDA:1,(anonymous_0)
FNDA:1,(anonymous_1)
DA:7,5
DA:8,1
DA:9,1
DA:10,1
DA:12,1
DA:14,1
DA:22,0
DA:29,5
DA:30,1
DA:31,1
DA:33,1
DA:41,1
DA:47,0
LF:13
LH:11
BRDA:10,0,0,1
BRDA:10,0,1,1
BRDA:31,1,0,1
BRDA:31,1,1,0
BRF:4
BRH:3
end_of_record
TN:
SF:src\middlewares\authMiddleware.js
FN:5,(anonymous_0)
FNF:1
FNH:1
FNDA:6,(anonymous_0)
DA:5,5
DA:6,6
DA:9,6
DA:10,6
DA:13,6
DA:14,0
DA:18,6
DA:21,6
DA:23,6
DA:24,0
DA:28,6
DA:29,6
DA:31,0
DA:32,0
DA:34,0
DA:35,0
DA:37,0
LF:17
LH:10
BRDA:9,0,0,6
BRDA:9,0,1,0
BRDA:9,1,0,6
BRDA:9,1,1,6
BRDA:13,2,0,0
BRDA:13,2,1,6
BRDA:23,3,0,0
BRDA:23,3,1,6
BRDA:31,4,0,0
BRDA:31,4,1,0
BRDA:34,5,0,0
BRDA:34,5,1,0
BRF:12
BRH:5
end_of_record
TN:
SF:src\middlewares\errorMiddleware.js
FN:4,(anonymous_0)
FN:12,(anonymous_1)
FN:35,(anonymous_2)
FNF:3
FNH:1
FNDA:0,(anonymous_0)
FNDA:2,(anonymous_1)
FNDA:0,(anonymous_2)
DA:4,5
DA:5,0
DA:6,0
DA:7,0
DA:12,5
DA:13,2
DA:14,2
DA:16,2
DA:19,2
DA:20,0
DA:21,0
DA:25,2
DA:26,0
DA:27,0
DA:28,0
DA:32,2
DA:33,0
DA:34,0
DA:35,0
DA:40,2
DA:42,2
LF:21
LH:10
BRDA:13,0,0,2
BRDA:13,0,1,0
BRDA:14,1,0,2
BRDA:14,1,1,0
BRDA:16,2,0,2
BRDA:16,2,1,0
BRDA:19,3,0,0
BRDA:19,3,1,2
BRDA:19,4,0,2
BRDA:19,4,1,0
BRDA:25,5,0,0
BRDA:25,5,1,2
BRDA:27,6,0,0
BRDA:27,6,1,0
BRDA:32,7,0,0
BRDA:32,7,1,2
BRDA:43,8,0,0
BRDA:43,8,1,2
BRDA:45,9,0,2
BRDA:45,9,1,2
BRF:20
BRH:10
end_of_record
TN:
SF:src\middlewares\rateLimiter.js
FNF:0
FNH:0
DA:4,5
DA:16,5
LF:2
LH:2
BRF:0
BRH:0
end_of_record
TN:
SF:src\middlewares\validateMiddleware.js
FN:3,(anonymous_0)
FN:3,(anonymous_1)
FN:9,(anonymous_2)
FNF:3
FNH:3
FNDA:15,(anonymous_0)
FNDA:3,(anonymous_1)
FNDA:3,(anonymous_2)
DA:3,15
DA:4,3
DA:6,3
DA:7,1
DA:8,1
DA:9,3
DA:12,1
DA:15,2
DA:16,2
LF:9
LH:9
BRDA:4,0,0,3
BRDA:4,0,1,0
BRDA:6,1,0,1
BRDA:6,1,1,2
BRDA:7,2,0,1
BRDA:7,2,1,0
BRDA:7,2,2,0
BRDA:8,3,0,1
BRDA:8,3,1,0
BRF:9
BRH:5
end_of_record
TN:
SF:src\models\Conversation.js
FN:14,(anonymous_0)
FNF:1
FNH:1
FNDA:4,(anonymous_0)
DA:3,5
DA:14,4
DA:29,5
DA:31,5
LF:4
LH:4
BRF:0
BRH:0
end_of_record
TN:
SF:src\models\Message.js
FNF:0
FNH:0
DA:3,5
DA:32,5
DA:34,5
LF:3
LH:3
BRF:0
BRH:0
end_of_record
TN:
SF:src\models\Otp.js
FNF:0
FNH:0
DA:3,5
DA:24,5
LF:2
LH:2
BRF:0
BRH:0
end_of_record
TN:
SF:src\models\User.js
FN:43,(anonymous_0)
FN:53,(anonymous_1)
FNF:2
FNH:1
FNDA:10,(anonymous_0)
FNDA:0,(anonymous_1)
DA:4,5
DA:43,5
DA:44,10
DA:45,0
DA:47,10
DA:48,10
DA:49,10
DA:53,5
DA:54,0
DA:57,5
LF:10
LH:8
BRDA:44,0,0,0
BRDA:44,0,1,10
BRF:2
BRH:1
end_of_record
TN:
SF:src\repositories\conversationRepository.js
FN:4,(anonymous_0)
FN:15,(anonymous_1)
FN:20,(anonymous_2)
FN:30,(anonymous_3)
FN:34,(anonymous_4)
FNF:5
FNH:5
FNDA:1,(anonymous_0)
FNDA:1,(anonymous_1)
FNDA:1,(anonymous_2)
FNDA:2,(anonymous_3)
FNDA:1,(anonymous_4)
DA:5,1
DA:16,1
DA:17,1
DA:21,1
DA:31,2
DA:35,1
LF:6
LH:6
BRF:0
BRH:0
end_of_record
TN:
SF:src\repositories\messageRepository.js
FN:4,(anonymous_0)
FN:9,(anonymous_1)
FN:42,(anonymous_2)
FN:47,(anonymous_3)
FNF:4
FNH:2
FNDA:1,(anonymous_0)
FNDA:1,(anonymous_1)
FNDA:0,(anonymous_2)
FNDA:0,(anonymous_3)
DA:5,1
DA:6,1
DA:10,1
DA:13,1
DA:14,0
DA:15,0
DA:16,0
DA:21,1
DA:26,1
DA:27,1
DA:28,0
DA:32,1
DA:34,1
DA:43,0
DA:48,0
LF:15
LH:9
BRDA:9,0,0,1
BRDA:9,1,0,0
BRDA:13,2,0,0
BRDA:13,2,1,1
BRDA:15,3,0,0
BRDA:15,3,1,0
BRDA:27,4,0,0
BRDA:27,4,1,1
BRDA:32,5,0,0
BRDA:32,5,1,1
BRF:10
BRH:4
end_of_record
TN:
SF:src\repositories\userRepository.js
FN:5,(anonymous_0)
FN:10,(anonymous_1)
FN:15,(anonymous_2)
FN:20,(anonymous_3)
FN:31,(anonymous_4)
FNF:5
FNH:3
FNDA:7,(anonymous_0)
FNDA:1,(anonymous_1)
FNDA:0,(anonymous_2)
FNDA:0,(anonymous_3)
FNDA:1,(anonymous_4)
DA:6,7
DA:11,1
DA:16,0
DA:21,0
DA:32,1
DA:36,1
DA:37,0
DA:40,1
DA:45,1
DA:46,1
DA:47,0
DA:50,1
DA:52,1
LF:13
LH:9
BRDA:31,0,0,1
BRDA:31,1,0,0
BRDA:36,2,0,0
BRDA:36,2,1,1
BRDA:46,3,0,0
BRDA:46,3,1,1
BRDA:50,4,0,0
BRDA:50,4,1,1
BRF:8
BRH:4
end_of_record
TN:
SF:src\routes\authRoutes.js
FNF:0
FNH:0
DA:14,5
DA:16,5
DA:17,5
DA:18,5
DA:19,5
DA:22,5
LF:6
LH:6
BRF:0
BRH:0
end_of_record
TN:
SF:src\routes\conversationRoutes.js
FNF:0
FNH:0
DA:8,5
DA:10,5
DA:11,5
DA:12,5
LF:4
LH:4
BRF:0
BRH:0
end_of_record
TN:
SF:src\routes\messageRoutes.js
FNF:0
FNH:0
DA:10,5
DA:12,5
DA:14,5
DA:15,5
LF:4
LH:4
BRF:0
BRH:0
end_of_record
TN:
SF:src\routes\userRoutes.js
FNF:0
FNH:0
DA:5,5
DA:7,5
DA:10,5
DA:13,5
LF:4
LH:4
BRF:0
BRH:0
end_of_record
TN:
SF:src\socket\socket.js
FN:13,(anonymous_0)
FN:25,(anonymous_1)
FN:60,(anonymous_2)
FN:75,(anonymous_3)
FN:81,(anonymous_4)
FN:87,(anonymous_5)
FN:102,(anonymous_6)
FN:133,(anonymous_7)
FN:142,(anonymous_8)
FN:155,(anonymous_9)
FN:174,(anonymous_10)
FN:192,(anonymous_11)
FN:213,(anonymous_12)
FNF:13
FNH:2
FNDA:1,(anonymous_0)
FNDA:1,(anonymous_1)
FNDA:0,(anonymous_2)
FNDA:0,(anonymous_3)
FNDA:0,(anonymous_4)
FNDA:0,(anonymous_5)
FNDA:0,(anonymous_6)
FNDA:0,(anonymous_7)
FNDA:0,(anonymous_8)
FNDA:0,(anonymous_9)
FNDA:0,(anonymous_10)
FNDA:0,(anonymous_11)
FNDA:0,(anonymous_12)
DA:11,1
DA:13,1
DA:15,1
DA:25,1
DA:26,1
DA:27,1
DA:28,1
DA:34,1
DA:36,1
DA:37,1
DA:41,0
DA:42,0
DA:44,0
DA:45,0
DA:49,0
DA:50,0
DA:53,0
DA:60,1
DA:61,0
DA:64,0
DA:65,0
DA:67,0
DA:69,0
DA:72,0
DA:75,0
DA:76,0
DA:77,0
DA:81,0
DA:82,0
DA:83,0
DA:87,0
DA:88,0
DA:89,0
DA:91,0
DA:92,0
DA:96,0
DA:97,0
DA:98,0
DA:102,0
DA:103,0
DA:104,0
DA:108,0
DA:115,0
DA:118,0
DA:121,0
DA:123,0
DA:124,0
DA:133,0
DA:134,0
DA:135,0
DA:142,0
DA:143,0
DA:144,0
DA:155,0
DA:156,0
DA:157,0
DA:160,0
DA:163,0
DA:169,0
DA:174,0
DA:175,0
DA:176,0
DA:179,0
DA:182,0
DA:187,0
DA:192,0
DA:193,0
DA:195,0
DA:196,0
DA:199,0
DA:200,0
DA:201,0
DA:205,0
DA:209,1
DA:213,1
DA:214,0
DA:215,0
DA:217,0
LF:78
LH:13
BRDA:28,0,0,0
BRDA:28,0,1,1
BRDA:29,1,0,0
BRDA:29,1,1,0
BRDA:34,2,0,1
BRDA:34,2,1,1
BRDA:36,3,0,1
BRDA:36,3,1,0
BRDA:44,4,0,0
BRDA:44,4,1,0
BRDA:64,5,0,0
BRDA:64,5,1,0
BRDA:91,6,0,0
BRDA:91,6,1,0
BRDA:91,7,0,0
BRDA:91,7,1,0
BRDA:97,8,0,0
BRDA:97,8,1,0
BRDA:103,9,0,0
BRDA:103,9,1,0
BRDA:134,10,0,0
BRDA:134,10,1,0
BRDA:143,11,0,0
BRDA:143,11,1,0
BRDA:157,12,0,0
BRDA:157,12,1,0
BRDA:176,13,0,0
BRDA:176,13,1,0
BRDA:195,14,0,0
BRDA:195,14,1,0
BRDA:199,15,0,0
BRDA:199,15,1,0
BRDA:214,16,0,0
BRDA:214,16,1,0
BRF:34
BRH:4
end_of_record
TN:
SF:src\utils\AppError.js
FN:2,(anonymous_0)
FNF:1
FNH:1
FNDA:2,(anonymous_0)
DA:3,2
DA:4,2
DA:5,2
DA:6,2
DA:8,2
LF:5
LH:5
BRDA:5,0,0,2
BRDA:5,0,1,0
BRF:2
BRH:1
end_of_record
TN:
SF:src\utils\generateToken.js
FN:3,(anonymous_0)
FNF:1
FNH:1
FNDA:6,(anonymous_0)
DA:3,5
DA:4,6
LF:2
LH:2
BRDA:5,0,0,6
BRDA:5,0,1,0
BRF:2
BRH:1
end_of_record
TN:
SF:src\validators\schemas.js
FNF:0
FNH:0
DA:3,5
DA:9,5
DA:14,5
LF:3
LH:3
BRF:0
BRH:0
end_of_record
